c:\users\mmlen\documents\github\aimbooster\aimbooster\aimbooster\x64\release\vc143.pdb
c:\users\mmlen\documents\github\aimbooster\aimbooster\aimbooster\x64\release\screencapture.obj
c:\users\mmlen\documents\github\aimbooster\aimbooster\aimbooster\x64\release\position.obj
c:\users\mmlen\documents\github\aimbooster\aimbooster\aimbooster\x64\release\mouseclicksimulator.obj
c:\users\mmlen\documents\github\aimbooster\aimbooster\aimbooster\x64\release\main.obj
c:\users\mmlen\documents\github\aimbooster\aimbooster\aimbooster\x64\release\inputhandler.obj
c:\users\mmlen\documents\github\aimbooster\aimbooster\aimbooster\x64\release\colorselector.obj
c:\users\mmlen\documents\github\aimbooster\aimbooster\aimbooster\x64\release\color.obj
c:\users\mmlen\documents\github\aimbooster\aimbooster\aimbooster\x64\release\applicationstopper.obj
c:\users\mmlen\documents\github\aimbooster\aimbooster\x64\release\aimbooster.exe
c:\users\mmlen\documents\github\aimbooster\aimbooster\aimbooster\x64\release\aimbooster.ipdb
c:\users\mmlen\documents\github\aimbooster\aimbooster\x64\release\aimbooster.pdb
c:\users\mmlen\documents\github\aimbooster\aimbooster\aimbooster\x64\release\aimbooster.iobj
c:\users\mmlen\documents\github\aimbooster\aimbooster\aimbooster\x64\release\aimbooster.tlog\cl.command.1.tlog
c:\users\mmlen\documents\github\aimbooster\aimbooster\aimbooster\x64\release\aimbooster.tlog\cl.items.tlog
c:\users\mmlen\documents\github\aimbooster\aimbooster\aimbooster\x64\release\aimbooster.tlog\cl.read.1.tlog
c:\users\mmlen\documents\github\aimbooster\aimbooster\aimbooster\x64\release\aimbooster.tlog\cl.write.1.tlog
c:\users\mmlen\documents\github\aimbooster\aimbooster\aimbooster\x64\release\aimbooster.tlog\link.command.1.tlog
c:\users\mmlen\documents\github\aimbooster\aimbooster\aimbooster\x64\release\aimbooster.tlog\link.read.1.tlog
c:\users\mmlen\documents\github\aimbooster\aimbooster\aimbooster\x64\release\aimbooster.tlog\link.write.1.tlog
